  [1m[36m (170.9ms)[0m  [1mCREATE TABLE "schema_migrations" ("version" varchar NOT NULL) [0m
  [1m[35m (0.2ms)[0m  select sqlite_version(*)
  [1m[36m (166.3ms)[0m  [1mCREATE UNIQUE INDEX "unique_schema_migrations" ON "schema_migrations" ("version")[0m
  [1m[35mActiveRecord::SchemaMigration Load (0.3ms)[0m  SELECT "schema_migrations".* FROM "schema_migrations"
Migrating to CreateCompanies (20150318020210)
  [1m[36m (0.1ms)[0m  [1mbegin transaction[0m
  [1m[35m (0.5ms)[0m  CREATE TABLE "companies" ("id" INTEGER PRIMARY KEY AUTOINCREMENT NOT NULL, "created_at" datetime NOT NULL, "updated_at" datetime NOT NULL) 
  [1m[36mSQL (0.2ms)[0m  [1mINSERT INTO "schema_migrations" ("version") VALUES (?)[0m  [["version", "20150318020210"]]
  [1m[35m (174.2ms)[0m  commit transaction
Migrating to CreateQuotes (20150318020550)
  [1m[36m (0.2ms)[0m  [1mbegin transaction[0m
  [1m[35m (0.9ms)[0m  CREATE TABLE "quotes" ("id" INTEGER PRIMARY KEY AUTOINCREMENT NOT NULL, "created_at" datetime NOT NULL, "updated_at" datetime NOT NULL) 
  [1m[36mSQL (0.4ms)[0m  [1mINSERT INTO "schema_migrations" ("version") VALUES (?)[0m  [["version", "20150318020550"]]
  [1m[35m (170.7ms)[0m  commit transaction
  [1m[36mActiveRecord::SchemaMigration Load (0.1ms)[0m  [1mSELECT "schema_migrations".* FROM "schema_migrations"[0m


Started GET "/" for 127.0.0.1 at 2015-03-17 22:25:33 -0400
  [1m[36mActiveRecord::SchemaMigration Load (0.4ms)[0m  [1mSELECT "schema_migrations".* FROM "schema_migrations"[0m

ActionController::RoutingError (uninitialized constant WelcomeController):
  activesupport (4.2.0) lib/active_support/inflector/methods.rb:261:in `const_get'
  activesupport (4.2.0) lib/active_support/inflector/methods.rb:261:in `block in constantize'
  activesupport (4.2.0) lib/active_support/inflector/methods.rb:259:in `each'
  activesupport (4.2.0) lib/active_support/inflector/methods.rb:259:in `inject'
  activesupport (4.2.0) lib/active_support/inflector/methods.rb:259:in `constantize'
  actionpack (4.2.0) lib/action_dispatch/routing/route_set.rb:69:in `controller_reference'
  actionpack (4.2.0) lib/action_dispatch/routing/route_set.rb:59:in `controller'
  actionpack (4.2.0) lib/action_dispatch/routing/route_set.rb:38:in `serve'
  actionpack (4.2.0) lib/action_dispatch/journey/router.rb:43:in `block in serve'
  actionpack (4.2.0) lib/action_dispatch/journey/router.rb:30:in `each'
  actionpack (4.2.0) lib/action_dispatch/journey/router.rb:30:in `serve'
  actionpack (4.2.0) lib/action_dispatch/routing/route_set.rb:802:in `call'
  rack (1.6.0) lib/rack/etag.rb:24:in `call'
  rack (1.6.0) lib/rack/conditionalget.rb:25:in `call'
  rack (1.6.0) lib/rack/head.rb:13:in `call'
  actionpack (4.2.0) lib/action_dispatch/middleware/params_parser.rb:27:in `call'
  actionpack (4.2.0) lib/action_dispatch/middleware/flash.rb:260:in `call'
  rack (1.6.0) lib/rack/session/abstract/id.rb:225:in `context'
  rack (1.6.0) lib/rack/session/abstract/id.rb:220:in `call'
  actionpack (4.2.0) lib/action_dispatch/middleware/cookies.rb:560:in `call'
  activerecord (4.2.0) lib/active_record/query_cache.rb:36:in `call'
  activerecord (4.2.0) lib/active_record/connection_adapters/abstract/connection_pool.rb:647:in `call'
  activerecord (4.2.0) lib/active_record/migration.rb:378:in `call'
  actionpack (4.2.0) lib/action_dispatch/middleware/callbacks.rb:29:in `block in call'
  activesupport (4.2.0) lib/active_support/callbacks.rb:88:in `call'
  activesupport (4.2.0) lib/active_support/callbacks.rb:88:in `_run_callbacks'
  activesupport (4.2.0) lib/active_support/callbacks.rb:734:in `_run_call_callbacks'
  activesupport (4.2.0) lib/active_support/callbacks.rb:81:in `run_callbacks'
  actionpack (4.2.0) lib/action_dispatch/middleware/callbacks.rb:27:in `call'
  actionpack (4.2.0) lib/action_dispatch/middleware/reloader.rb:73:in `call'
  actionpack (4.2.0) lib/action_dispatch/middleware/remote_ip.rb:78:in `call'
  actionpack (4.2.0) lib/action_dispatch/middleware/debug_exceptions.rb:17:in `call'
  web-console (2.1.2) lib/web_console/middleware.rb:37:in `call'
  actionpack (4.2.0) lib/action_dispatch/middleware/show_exceptions.rb:30:in `call'
  railties (4.2.0) lib/rails/rack/logger.rb:38:in `call_app'
  railties (4.2.0) lib/rails/rack/logger.rb:20:in `block in call'
  activesupport (4.2.0) lib/active_support/tagged_logging.rb:68:in `block in tagged'
  activesupport (4.2.0) lib/active_support/tagged_logging.rb:26:in `tagged'
  activesupport (4.2.0) lib/active_support/tagged_logging.rb:68:in `tagged'
  railties (4.2.0) lib/rails/rack/logger.rb:20:in `call'
  actionpack (4.2.0) lib/action_dispatch/middleware/request_id.rb:21:in `call'
  rack (1.6.0) lib/rack/methodoverride.rb:22:in `call'
  rack (1.6.0) lib/rack/runtime.rb:18:in `call'
  activesupport (4.2.0) lib/active_support/cache/strategy/local_cache_middleware.rb:28:in `call'
  rack (1.6.0) lib/rack/lock.rb:17:in `call'
  actionpack (4.2.0) lib/action_dispatch/middleware/static.rb:113:in `call'
  rack (1.6.0) lib/rack/sendfile.rb:113:in `call'
  railties (4.2.0) lib/rails/engine.rb:518:in `call'
  railties (4.2.0) lib/rails/application.rb:164:in `call'
  rack (1.6.0) lib/rack/lock.rb:17:in `call'
  rack (1.6.0) lib/rack/content_length.rb:15:in `call'
  rack (1.6.0) lib/rack/handler/webrick.rb:89:in `service'
  /home/michelle/.rvm/rubies/ruby-2.2.0/lib/ruby/2.2.0/webrick/httpserver.rb:138:in `service'
  /home/michelle/.rvm/rubies/ruby-2.2.0/lib/ruby/2.2.0/webrick/httpserver.rb:94:in `run'
  /home/michelle/.rvm/rubies/ruby-2.2.0/lib/ruby/2.2.0/webrick/server.rb:294:in `block in start_thread'


  Rendered /home/michelle/.rvm/gems/ruby-2.2.0/gems/actionpack-4.2.0/lib/action_dispatch/middleware/templates/rescues/_trace.html.erb (2.6ms)
  Rendered /home/michelle/.rvm/gems/ruby-2.2.0/gems/actionpack-4.2.0/lib/action_dispatch/middleware/templates/routes/_route.html.erb (2.9ms)
  Rendered /home/michelle/.rvm/gems/ruby-2.2.0/gems/actionpack-4.2.0/lib/action_dispatch/middleware/templates/routes/_table.html.erb (31.0ms)
  Rendered /home/michelle/.rvm/gems/ruby-2.2.0/gems/actionpack-4.2.0/lib/action_dispatch/middleware/templates/rescues/_request_and_response.html.erb (16.1ms)
  Rendered /home/michelle/.rvm/gems/ruby-2.2.0/gems/actionpack-4.2.0/lib/action_dispatch/middleware/templates/rescues/routing_error.html.erb within rescues/layout (121.2ms)
  Rendered /home/michelle/.rvm/gems/ruby-2.2.0/gems/web-console-2.1.2/lib/web_console/templates/_markup.html.erb (0.5ms)
  Rendered /home/michelle/.rvm/gems/ruby-2.2.0/gems/web-console-2.1.2/lib/web_console/templates/style.css.erb within layouts/inlined_string (0.7ms)
  Rendered /home/michelle/.rvm/gems/ruby-2.2.0/gems/web-console-2.1.2/lib/web_console/templates/_inner_console_markup.html.erb within layouts/inlined_string (0.4ms)
  Rendered /home/michelle/.rvm/gems/ruby-2.2.0/gems/web-console-2.1.2/lib/web_console/templates/_prompt_box_markup.html.erb within layouts/inlined_string (0.4ms)
  Rendered /home/michelle/.rvm/gems/ruby-2.2.0/gems/web-console-2.1.2/lib/web_console/templates/console.js.erb within layouts/javascript (24.5ms)
  Rendered /home/michelle/.rvm/gems/ruby-2.2.0/gems/web-console-2.1.2/lib/web_console/templates/main.js.erb within layouts/javascript (0.4ms)
  Rendered /home/michelle/.rvm/gems/ruby-2.2.0/gems/web-console-2.1.2/lib/web_console/templates/error_page.js.erb within layouts/javascript (0.6ms)
  Rendered /home/michelle/.rvm/gems/ruby-2.2.0/gems/web-console-2.1.2/lib/web_console/templates/index.html.erb (48.1ms)


Started GET "/" for 127.0.0.1 at 2015-03-17 22:26:59 -0400
Processing by CompaniesController#index as HTML
  [1m[35mCompany Load (0.4ms)[0m  SELECT "companies".* FROM "companies"
  Rendered companies/index.html.erb within layouts/application (2.8ms)
Completed 200 OK in 1028ms (Views: 1023.1ms | ActiveRecord: 0.5ms)


Started GET "/assets/quotes-64e62ddc273c2f5847f30d698ca14b67.css?body=1" for 127.0.0.1 at 2015-03-17 22:27:00 -0400


Started GET "/assets/scaffolds-3add9c3d9b6e308fcd493fb1e557e71b.css?body=1" for 127.0.0.1 at 2015-03-17 22:27:00 -0400


Started GET "/assets/application-ff7f1f2f26725703a7a3ce0f0a722dd8.css?body=1" for 127.0.0.1 at 2015-03-17 22:27:00 -0400


Started GET "/assets/companies-64e62ddc273c2f5847f30d698ca14b67.css?body=1" for 127.0.0.1 at 2015-03-17 22:27:00 -0400


Started GET "/assets/companies-fcec5b5a277ac7c20cc9f45a209a3bcd.js?body=1" for 127.0.0.1 at 2015-03-17 22:27:00 -0400


Started GET "/assets/quotes-fcec5b5a277ac7c20cc9f45a209a3bcd.js?body=1" for 127.0.0.1 at 2015-03-17 22:27:00 -0400


Started GET "/assets/application-d5dd9df895e734baa4e6c45e5b5415a9.js?body=1" for 127.0.0.1 at 2015-03-17 22:27:00 -0400


Started GET "/assets/jquery-87424c3c19e96d4fb033c10ebe21ec40.js?body=1" for 127.0.0.1 at 2015-03-17 22:27:00 -0400


Started GET "/assets/jquery_ujs-e27bd20a10d28155845a22d71ef94f2f.js?body=1" for 127.0.0.1 at 2015-03-17 22:27:00 -0400


Started GET "/assets/turbolinks-f87b3583ca50adb0488b031297f5580d.js?body=1" for 127.0.0.1 at 2015-03-17 22:27:00 -0400


Started GET "/companies/new" for 127.0.0.1 at 2015-03-17 22:34:34 -0400
Processing by CompaniesController#new as HTML
  Rendered companies/_form.html.erb (33.7ms)
  Rendered companies/new.html.erb within layouts/application (35.7ms)
Completed 200 OK in 104ms (Views: 100.2ms | ActiveRecord: 0.4ms)


Started GET "/companies/new" for 127.0.0.1 at 2015-03-17 22:34:58 -0400
Processing by CompaniesController#new as HTML
  Rendered companies/_form.html.erb (2.3ms)
  Rendered companies/new.html.erb within layouts/application (4.1ms)
Completed 200 OK in 77ms (Views: 72.0ms | ActiveRecord: 0.6ms)


Started GET "/assets/quotes-64e62ddc273c2f5847f30d698ca14b67.css?body=1" for 127.0.0.1 at 2015-03-17 22:34:58 -0400


Started GET "/assets/jquery-87424c3c19e96d4fb033c10ebe21ec40.js?body=1" for 127.0.0.1 at 2015-03-17 22:34:58 -0400


Started GET "/assets/application-ff7f1f2f26725703a7a3ce0f0a722dd8.css?body=1" for 127.0.0.1 at 2015-03-17 22:34:58 -0400


Started GET "/assets/scaffolds-3add9c3d9b6e308fcd493fb1e557e71b.css?body=1" for 127.0.0.1 at 2015-03-17 22:34:58 -0400


Started GET "/assets/companies-64e62ddc273c2f5847f30d698ca14b67.css?body=1" for 127.0.0.1 at 2015-03-17 22:34:58 -0400


Started GET "/assets/turbolinks-f87b3583ca50adb0488b031297f5580d.js?body=1" for 127.0.0.1 at 2015-03-17 22:34:58 -0400


Started GET "/assets/jquery_ujs-e27bd20a10d28155845a22d71ef94f2f.js?body=1" for 127.0.0.1 at 2015-03-17 22:34:58 -0400


Started GET "/assets/companies-fcec5b5a277ac7c20cc9f45a209a3bcd.js?body=1" for 127.0.0.1 at 2015-03-17 22:34:58 -0400


Started GET "/assets/quotes-fcec5b5a277ac7c20cc9f45a209a3bcd.js?body=1" for 127.0.0.1 at 2015-03-17 22:34:58 -0400


Started GET "/assets/application-d5dd9df895e734baa4e6c45e5b5415a9.js?body=1" for 127.0.0.1 at 2015-03-17 22:34:58 -0400


Started GET "/" for 127.0.0.1 at 2015-03-17 22:35:00 -0400
Processing by CompaniesController#new as HTML
  Rendered companies/_form.html.erb (1.3ms)
  Rendered companies/new.html.erb within layouts/application (8.7ms)
Completed 200 OK in 80ms (Views: 79.2ms | ActiveRecord: 0.0ms)


Started GET "/" for 127.0.0.1 at 2015-03-17 22:35:01 -0400
Processing by CompaniesController#new as HTML
  Rendered companies/_form.html.erb (1.1ms)
  Rendered companies/new.html.erb within layouts/application (4.3ms)
Completed 200 OK in 70ms (Views: 68.2ms | ActiveRecord: 0.0ms)


Started GET "/assets/companies-64e62ddc273c2f5847f30d698ca14b67.css?body=1" for 127.0.0.1 at 2015-03-17 22:35:01 -0400


Started GET "/assets/scaffolds-3add9c3d9b6e308fcd493fb1e557e71b.css?body=1" for 127.0.0.1 at 2015-03-17 22:35:01 -0400


Started GET "/assets/application-ff7f1f2f26725703a7a3ce0f0a722dd8.css?body=1" for 127.0.0.1 at 2015-03-17 22:35:01 -0400


Started GET "/assets/jquery_ujs-e27bd20a10d28155845a22d71ef94f2f.js?body=1" for 127.0.0.1 at 2015-03-17 22:35:01 -0400


Started GET "/assets/turbolinks-f87b3583ca50adb0488b031297f5580d.js?body=1" for 127.0.0.1 at 2015-03-17 22:35:01 -0400


Started GET "/assets/jquery-87424c3c19e96d4fb033c10ebe21ec40.js?body=1" for 127.0.0.1 at 2015-03-17 22:35:01 -0400


Started GET "/assets/quotes-fcec5b5a277ac7c20cc9f45a209a3bcd.js?body=1" for 127.0.0.1 at 2015-03-17 22:35:01 -0400


Started GET "/assets/application-d5dd9df895e734baa4e6c45e5b5415a9.js?body=1" for 127.0.0.1 at 2015-03-17 22:35:01 -0400


Started GET "/assets/quotes-64e62ddc273c2f5847f30d698ca14b67.css?body=1" for 127.0.0.1 at 2015-03-17 22:35:01 -0400


Started GET "/assets/companies-fcec5b5a277ac7c20cc9f45a209a3bcd.js?body=1" for 127.0.0.1 at 2015-03-17 22:35:01 -0400


Started GET "/" for 127.0.0.1 at 2015-03-17 22:35:02 -0400
Processing by CompaniesController#new as HTML
  Rendered companies/_form.html.erb (1.2ms)
  Rendered companies/new.html.erb within layouts/application (2.7ms)
Completed 200 OK in 71ms (Views: 69.8ms | ActiveRecord: 0.0ms)


Started GET "/assets/quotes-64e62ddc273c2f5847f30d698ca14b67.css?body=1" for 127.0.0.1 at 2015-03-17 22:35:02 -0400


Started GET "/assets/application-ff7f1f2f26725703a7a3ce0f0a722dd8.css?body=1" for 127.0.0.1 at 2015-03-17 22:35:02 -0400


Started GET "/assets/jquery-87424c3c19e96d4fb033c10ebe21ec40.js?body=1" for 127.0.0.1 at 2015-03-17 22:35:02 -0400


Started GET "/assets/jquery_ujs-e27bd20a10d28155845a22d71ef94f2f.js?body=1" for 127.0.0.1 at 2015-03-17 22:35:02 -0400


Started GET "/assets/companies-fcec5b5a277ac7c20cc9f45a209a3bcd.js?body=1" for 127.0.0.1 at 2015-03-17 22:35:02 -0400


Started GET "/assets/turbolinks-f87b3583ca50adb0488b031297f5580d.js?body=1" for 127.0.0.1 at 2015-03-17 22:35:02 -0400


Started GET "/assets/scaffolds-3add9c3d9b6e308fcd493fb1e557e71b.css?body=1" for 127.0.0.1 at 2015-03-17 22:35:02 -0400


Started GET "/assets/application-d5dd9df895e734baa4e6c45e5b5415a9.js?body=1" for 127.0.0.1 at 2015-03-17 22:35:02 -0400


Started GET "/assets/companies-64e62ddc273c2f5847f30d698ca14b67.css?body=1" for 127.0.0.1 at 2015-03-17 22:35:02 -0400


Started GET "/assets/quotes-fcec5b5a277ac7c20cc9f45a209a3bcd.js?body=1" for 127.0.0.1 at 2015-03-17 22:35:02 -0400


Started GET "/" for 127.0.0.1 at 2015-03-17 22:38:02 -0400
Processing by CompaniesController#new as HTML
  Rendered companies/_form.html.erb (4.8ms)
  Rendered companies/new.html.erb within layouts/application (5.7ms)
Completed 500 Internal Server Error in 11ms

ActionView::Template::Error (undefined method `name' for #<Company id: nil, created_at: nil, updated_at: nil>):
    10:       </ul>
    11:     </div>
    12:   <% end %>
    13:   <p>Name: <%= f.text_field :name %>
    14:   <p>Company: <%= f.text_field :company %>
    15:   <p>Email Address: <%= f.text_field :address %>
    16:   <p>Phone: <%= f.text_field :phone %>
  app/views/companies/_form.html.erb:13:in `block in _app_views_companies__form_html_erb___194188383__634362868'
  app/views/companies/_form.html.erb:1:in `_app_views_companies__form_html_erb___194188383__634362868'
  app/views/companies/new.html.erb:3:in `_app_views_companies_new_html_erb___997199163__631783268'


  Rendered /home/michelle/.rvm/gems/ruby-2.2.0/gems/actionpack-4.2.0/lib/action_dispatch/middleware/templates/rescues/_source.erb (12.6ms)
  Rendered /home/michelle/.rvm/gems/ruby-2.2.0/gems/actionpack-4.2.0/lib/action_dispatch/middleware/templates/rescues/_trace.html.erb (4.6ms)
  Rendered /home/michelle/.rvm/gems/ruby-2.2.0/gems/actionpack-4.2.0/lib/action_dispatch/middleware/templates/rescues/_request_and_response.html.erb (1.2ms)
  Rendered /home/michelle/.rvm/gems/ruby-2.2.0/gems/actionpack-4.2.0/lib/action_dispatch/middleware/templates/rescues/template_error.html.erb within rescues/layout (43.1ms)
  Rendered /home/michelle/.rvm/gems/ruby-2.2.0/gems/web-console-2.1.2/lib/web_console/templates/_markup.html.erb (0.6ms)
  Rendered /home/michelle/.rvm/gems/ruby-2.2.0/gems/web-console-2.1.2/lib/web_console/templates/style.css.erb within layouts/inlined_string (0.5ms)
  Rendered /home/michelle/.rvm/gems/ruby-2.2.0/gems/web-console-2.1.2/lib/web_console/templates/_inner_console_markup.html.erb within layouts/inlined_string (0.4ms)
  Rendered /home/michelle/.rvm/gems/ruby-2.2.0/gems/web-console-2.1.2/lib/web_console/templates/_prompt_box_markup.html.erb within layouts/inlined_string (0.5ms)
  Rendered /home/michelle/.rvm/gems/ruby-2.2.0/gems/web-console-2.1.2/lib/web_console/templates/console.js.erb within layouts/javascript (28.4ms)
  Rendered /home/michelle/.rvm/gems/ruby-2.2.0/gems/web-console-2.1.2/lib/web_console/templates/main.js.erb within layouts/javascript (0.6ms)
  Rendered /home/michelle/.rvm/gems/ruby-2.2.0/gems/web-console-2.1.2/lib/web_console/templates/error_page.js.erb within layouts/javascript (0.5ms)
  Rendered /home/michelle/.rvm/gems/ruby-2.2.0/gems/web-console-2.1.2/lib/web_console/templates/index.html.erb (57.6ms)


Started GET "/" for 127.0.0.1 at 2015-03-17 22:44:08 -0400

SyntaxError (/home/michelle/Ovuline_Ad_Calc/app/controllers/companies_controller.rb:56: syntax error, unexpected ',', expecting ')'
....require(:company).permit (:id, :address, :company, :name, :...
...                               ^
/home/michelle/Ovuline_Ad_Calc/app/controllers/companies_controller.rb:56: syntax error, unexpected ',', expecting :: or '[' or '.'
...ermit (:id, :address, :company, :name, :phone)
...                               ^):
  app/controllers/companies_controller.rb:56: syntax error, unexpected ',', expecting ')'
  app/controllers/companies_controller.rb:56: syntax error, unexpected ',', expecting :: or '[' or '.'


  Rendered /home/michelle/.rvm/gems/ruby-2.2.0/gems/actionpack-4.2.0/lib/action_dispatch/middleware/templates/rescues/_source.erb (6.0ms)
  Rendered /home/michelle/.rvm/gems/ruby-2.2.0/gems/actionpack-4.2.0/lib/action_dispatch/middleware/templates/rescues/_trace.html.erb (2.9ms)
  Rendered /home/michelle/.rvm/gems/ruby-2.2.0/gems/actionpack-4.2.0/lib/action_dispatch/middleware/templates/rescues/_request_and_response.html.erb (2.0ms)
  Rendered /home/michelle/.rvm/gems/ruby-2.2.0/gems/actionpack-4.2.0/lib/action_dispatch/middleware/templates/rescues/diagnostics.html.erb within rescues/layout (36.2ms)
  Rendered /home/michelle/.rvm/gems/ruby-2.2.0/gems/web-console-2.1.2/lib/web_console/templates/_markup.html.erb (0.5ms)
  Rendered /home/michelle/.rvm/gems/ruby-2.2.0/gems/web-console-2.1.2/lib/web_console/templates/style.css.erb within layouts/inlined_string (0.4ms)
  Rendered /home/michelle/.rvm/gems/ruby-2.2.0/gems/web-console-2.1.2/lib/web_console/templates/_inner_console_markup.html.erb within layouts/inlined_string (0.4ms)
  Rendered /home/michelle/.rvm/gems/ruby-2.2.0/gems/web-console-2.1.2/lib/web_console/templates/_prompt_box_markup.html.erb within layouts/inlined_string (0.4ms)
  Rendered /home/michelle/.rvm/gems/ruby-2.2.0/gems/web-console-2.1.2/lib/web_console/templates/console.js.erb within layouts/javascript (27.5ms)
  Rendered /home/michelle/.rvm/gems/ruby-2.2.0/gems/web-console-2.1.2/lib/web_console/templates/main.js.erb within layouts/javascript (0.4ms)
  Rendered /home/michelle/.rvm/gems/ruby-2.2.0/gems/web-console-2.1.2/lib/web_console/templates/error_page.js.erb within layouts/javascript (0.5ms)
  Rendered /home/michelle/.rvm/gems/ruby-2.2.0/gems/web-console-2.1.2/lib/web_console/templates/index.html.erb (56.1ms)


Started GET "/" for 127.0.0.1 at 2015-03-17 22:45:24 -0400
Processing by CompaniesController#new as HTML
  Rendered companies/_form.html.erb (4.3ms)
  Rendered companies/new.html.erb within layouts/application (5.1ms)
Completed 500 Internal Server Error in 16ms

ActionView::Template::Error (undefined method `name' for #<Company id: nil, created_at: nil, updated_at: nil>):
    10:       </ul>
    11:     </div>
    12:   <% end %>
    13:   <p>Name: <%= f.text_field :name %>
    14:   <p>Company: <%= f.text_field :company %>
    15:   <p>Email Address: <%= f.text_field :address %>
    16:   <p>Phone: <%= f.text_field :phone %>
  app/views/companies/_form.html.erb:13:in `block in _app_views_companies__form_html_erb___194188383__634362868'
  app/views/companies/_form.html.erb:1:in `_app_views_companies__form_html_erb___194188383__634362868'
  app/views/companies/new.html.erb:3:in `_app_views_companies_new_html_erb___997199163__631783268'


  Rendered /home/michelle/.rvm/gems/ruby-2.2.0/gems/actionpack-4.2.0/lib/action_dispatch/middleware/templates/rescues/_source.erb (13.8ms)
  Rendered /home/michelle/.rvm/gems/ruby-2.2.0/gems/actionpack-4.2.0/lib/action_dispatch/middleware/templates/rescues/_trace.html.erb (5.0ms)
  Rendered /home/michelle/.rvm/gems/ruby-2.2.0/gems/actionpack-4.2.0/lib/action_dispatch/middleware/templates/rescues/_request_and_response.html.erb (2.1ms)
  Rendered /home/michelle/.rvm/gems/ruby-2.2.0/gems/actionpack-4.2.0/lib/action_dispatch/middleware/templates/rescues/template_error.html.erb within rescues/layout (43.9ms)
  Rendered /home/michelle/.rvm/gems/ruby-2.2.0/gems/web-console-2.1.2/lib/web_console/templates/_markup.html.erb (0.4ms)
  Rendered /home/michelle/.rvm/gems/ruby-2.2.0/gems/web-console-2.1.2/lib/web_console/templates/style.css.erb within layouts/inlined_string (0.5ms)
  Rendered /home/michelle/.rvm/gems/ruby-2.2.0/gems/web-console-2.1.2/lib/web_console/templates/_inner_console_markup.html.erb within layouts/inlined_string (0.4ms)
  Rendered /home/michelle/.rvm/gems/ruby-2.2.0/gems/web-console-2.1.2/lib/web_console/templates/_prompt_box_markup.html.erb within layouts/inlined_string (0.5ms)
  Rendered /home/michelle/.rvm/gems/ruby-2.2.0/gems/web-console-2.1.2/lib/web_console/templates/console.js.erb within layouts/javascript (24.4ms)
  Rendered /home/michelle/.rvm/gems/ruby-2.2.0/gems/web-console-2.1.2/lib/web_console/templates/main.js.erb within layouts/javascript (0.4ms)
  Rendered /home/michelle/.rvm/gems/ruby-2.2.0/gems/web-console-2.1.2/lib/web_console/templates/error_page.js.erb within layouts/javascript (0.6ms)
  Rendered /home/michelle/.rvm/gems/ruby-2.2.0/gems/web-console-2.1.2/lib/web_console/templates/index.html.erb (51.5ms)


Started GET "/" for 127.0.0.1 at 2015-03-17 22:47:27 -0400
Processing by CompaniesController#new as HTML
  Rendered companies/_form.html.erb (3.6ms)
  Rendered companies/new.html.erb within layouts/application (4.4ms)
Completed 500 Internal Server Error in 17ms

ActionView::Template::Error (undefined method `name' for #<Company id: nil, created_at: nil, updated_at: nil>):
    10:       </ul>
    11:     </div>
    12:   <% end %>
    13:   <p>Name: <%= f.text_field :name %>
    14:   <p>Company: <%= f.text_field :company %>
    15:   <p>Email Address: <%= f.text_field :address %>
    16:   <p>Phone: <%= f.text_field :phone %>
  app/views/companies/_form.html.erb:13:in `block in _app_views_companies__form_html_erb___194188383__634362868'
  app/views/companies/_form.html.erb:1:in `_app_views_companies__form_html_erb___194188383__634362868'
  app/views/companies/new.html.erb:3:in `_app_views_companies_new_html_erb___997199163__631783268'


  Rendered /home/michelle/.rvm/gems/ruby-2.2.0/gems/actionpack-4.2.0/lib/action_dispatch/middleware/templates/rescues/_source.erb (16.6ms)
  Rendered /home/michelle/.rvm/gems/ruby-2.2.0/gems/actionpack-4.2.0/lib/action_dispatch/middleware/templates/rescues/_trace.html.erb (5.5ms)
  Rendered /home/michelle/.rvm/gems/ruby-2.2.0/gems/actionpack-4.2.0/lib/action_dispatch/middleware/templates/rescues/_request_and_response.html.erb (1.4ms)
  Rendered /home/michelle/.rvm/gems/ruby-2.2.0/gems/actionpack-4.2.0/lib/action_dispatch/middleware/templates/rescues/template_error.html.erb within rescues/layout (48.3ms)
  Rendered /home/michelle/.rvm/gems/ruby-2.2.0/gems/web-console-2.1.2/lib/web_console/templates/_markup.html.erb (0.7ms)
  Rendered /home/michelle/.rvm/gems/ruby-2.2.0/gems/web-console-2.1.2/lib/web_console/templates/style.css.erb within layouts/inlined_string (0.5ms)
  Rendered /home/michelle/.rvm/gems/ruby-2.2.0/gems/web-console-2.1.2/lib/web_console/templates/_inner_console_markup.html.erb within layouts/inlined_string (0.5ms)
  Rendered /home/michelle/.rvm/gems/ruby-2.2.0/gems/web-console-2.1.2/lib/web_console/templates/_prompt_box_markup.html.erb within layouts/inlined_string (0.4ms)
  Rendered /home/michelle/.rvm/gems/ruby-2.2.0/gems/web-console-2.1.2/lib/web_console/templates/console.js.erb within layouts/javascript (25.0ms)
  Rendered /home/michelle/.rvm/gems/ruby-2.2.0/gems/web-console-2.1.2/lib/web_console/templates/main.js.erb within layouts/javascript (0.8ms)
  Rendered /home/michelle/.rvm/gems/ruby-2.2.0/gems/web-console-2.1.2/lib/web_console/templates/error_page.js.erb within layouts/javascript (1.4ms)
  Rendered /home/michelle/.rvm/gems/ruby-2.2.0/gems/web-console-2.1.2/lib/web_console/templates/index.html.erb (52.3ms)


Started GET "/" for 127.0.0.1 at 2015-03-17 22:56:46 -0400
Processing by CompaniesController#new as HTML
  Rendered companies/_form.html.erb (4.4ms)
  Rendered companies/new.html.erb within layouts/application (5.7ms)
Completed 500 Internal Server Error in 17ms

ActionView::Template::Error (undefined method `name' for #<Company id: nil, created_at: nil, updated_at: nil>):
    10:       </ul>
    11:     </div>
    12:   <% end %>
    13:   <p>Name: <%= f.text_field :name %>
    14:   <p>Company: <%= f.text_field :company %>
    15:   <p>Email Address: <%= f.text_field :address %>
    16:   <p>Phone: <%= f.text_field :phone %>
  app/views/companies/_form.html.erb:13:in `block in _app_views_companies__form_html_erb___194188383__634362868'
  app/views/companies/_form.html.erb:1:in `_app_views_companies__form_html_erb___194188383__634362868'
  app/views/companies/new.html.erb:3:in `_app_views_companies_new_html_erb___997199163_91656170'


  Rendered /home/michelle/.rvm/gems/ruby-2.2.0/gems/actionpack-4.2.0/lib/action_dispatch/middleware/templates/rescues/_source.erb (14.7ms)
  Rendered /home/michelle/.rvm/gems/ruby-2.2.0/gems/actionpack-4.2.0/lib/action_dispatch/middleware/templates/rescues/_trace.html.erb (18.5ms)
  Rendered /home/michelle/.rvm/gems/ruby-2.2.0/gems/actionpack-4.2.0/lib/action_dispatch/middleware/templates/rescues/_request_and_response.html.erb (2.1ms)
  Rendered /home/michelle/.rvm/gems/ruby-2.2.0/gems/actionpack-4.2.0/lib/action_dispatch/middleware/templates/rescues/template_error.html.erb within rescues/layout (60.2ms)
  Rendered /home/michelle/.rvm/gems/ruby-2.2.0/gems/web-console-2.1.2/lib/web_console/templates/_markup.html.erb (0.4ms)
  Rendered /home/michelle/.rvm/gems/ruby-2.2.0/gems/web-console-2.1.2/lib/web_console/templates/style.css.erb within layouts/inlined_string (0.4ms)
  Rendered /home/michelle/.rvm/gems/ruby-2.2.0/gems/web-console-2.1.2/lib/web_console/templates/_inner_console_markup.html.erb within layouts/inlined_string (0.6ms)
  Rendered /home/michelle/.rvm/gems/ruby-2.2.0/gems/web-console-2.1.2/lib/web_console/templates/_prompt_box_markup.html.erb within layouts/inlined_string (0.4ms)
  Rendered /home/michelle/.rvm/gems/ruby-2.2.0/gems/web-console-2.1.2/lib/web_console/templates/console.js.erb within layouts/javascript (24.0ms)
  Rendered /home/michelle/.rvm/gems/ruby-2.2.0/gems/web-console-2.1.2/lib/web_console/templates/main.js.erb within layouts/javascript (0.4ms)
  Rendered /home/michelle/.rvm/gems/ruby-2.2.0/gems/web-console-2.1.2/lib/web_console/templates/error_page.js.erb within layouts/javascript (0.6ms)
  Rendered /home/michelle/.rvm/gems/ruby-2.2.0/gems/web-console-2.1.2/lib/web_console/templates/index.html.erb (48.1ms)


Started GET "/" for 127.0.0.1 at 2015-03-17 23:03:00 -0400
Processing by CompaniesController#new as HTML
  Rendered companies/_form.html.erb (5.2ms)
  Rendered companies/new.html.erb within layouts/application (5.9ms)
Completed 500 Internal Server Error in 8ms

ActionView::Template::Error (undefined method `name' for #<Company id: nil, created_at: nil, updated_at: nil>):
    10:       </ul>
    11:     </div>
    12:   <% end %>
    13:   <p>Name: <%= f.text_field :name %>
    14:   <p>Company: <%= f.text_field :company %>
    15:   <p>Email Address: <%= f.text_field :address %>
    16:   <p>Phone: <%= f.text_field :phone %>
  app/views/companies/_form.html.erb:13:in `block in _app_views_companies__form_html_erb___194188383__625011938'
  app/views/companies/_form.html.erb:1:in `_app_views_companies__form_html_erb___194188383__625011938'
  app/views/companies/new.html.erb:3:in `_app_views_companies_new_html_erb___997199163_91656170'


  Rendered /home/michelle/.rvm/gems/ruby-2.2.0/gems/actionpack-4.2.0/lib/action_dispatch/middleware/templates/rescues/_source.erb (13.0ms)
  Rendered /home/michelle/.rvm/gems/ruby-2.2.0/gems/actionpack-4.2.0/lib/action_dispatch/middleware/templates/rescues/_trace.html.erb (4.8ms)
  Rendered /home/michelle/.rvm/gems/ruby-2.2.0/gems/actionpack-4.2.0/lib/action_dispatch/middleware/templates/rescues/_request_and_response.html.erb (1.4ms)
  Rendered /home/michelle/.rvm/gems/ruby-2.2.0/gems/actionpack-4.2.0/lib/action_dispatch/middleware/templates/rescues/template_error.html.erb within rescues/layout (40.5ms)
  Rendered /home/michelle/.rvm/gems/ruby-2.2.0/gems/web-console-2.1.2/lib/web_console/templates/_markup.html.erb (0.6ms)
  Rendered /home/michelle/.rvm/gems/ruby-2.2.0/gems/web-console-2.1.2/lib/web_console/templates/style.css.erb within layouts/inlined_string (0.4ms)
  Rendered /home/michelle/.rvm/gems/ruby-2.2.0/gems/web-console-2.1.2/lib/web_console/templates/_inner_console_markup.html.erb within layouts/inlined_string (0.4ms)
  Rendered /home/michelle/.rvm/gems/ruby-2.2.0/gems/web-console-2.1.2/lib/web_console/templates/_prompt_box_markup.html.erb within layouts/inlined_string (0.5ms)
  Rendered /home/michelle/.rvm/gems/ruby-2.2.0/gems/web-console-2.1.2/lib/web_console/templates/console.js.erb within layouts/javascript (23.2ms)
  Rendered /home/michelle/.rvm/gems/ruby-2.2.0/gems/web-console-2.1.2/lib/web_console/templates/main.js.erb within layouts/javascript (0.4ms)
  Rendered /home/michelle/.rvm/gems/ruby-2.2.0/gems/web-console-2.1.2/lib/web_console/templates/error_page.js.erb within layouts/javascript (0.7ms)
  Rendered /home/michelle/.rvm/gems/ruby-2.2.0/gems/web-console-2.1.2/lib/web_console/templates/index.html.erb (47.4ms)


Started GET "/" for 127.0.0.1 at 2015-03-17 23:07:04 -0400
Processing by CompaniesController#new as HTML
  Rendered companies/_form.html.erb (8.5ms)
  Rendered companies/new.html.erb within layouts/application (9.4ms)
Completed 500 Internal Server Error in 12ms

ActionView::Template::Error (undefined method `name' for #<Company id: nil, created_at: nil, updated_at: nil>):
    10:       </ul>
    11:     </div>
    12:   <% end %>
    13:   <p>Name: #<%= f.text_field :name %>
    14:   <p>Company: #<%= f.text_field :company %>
    15:   <p>Email Address: #<%= f.text_field :address %>
    16:   <p>Phone: #<%= f.text_field :phone %>
  app/views/companies/_form.html.erb:13:in `block in _app_views_companies__form_html_erb___194188383_91044340'
  app/views/companies/_form.html.erb:1:in `_app_views_companies__form_html_erb___194188383_91044340'
  app/views/companies/new.html.erb:3:in `_app_views_companies_new_html_erb___997199163_91656170'


  Rendered /home/michelle/.rvm/gems/ruby-2.2.0/gems/actionpack-4.2.0/lib/action_dispatch/middleware/templates/rescues/_source.erb (15.1ms)
  Rendered /home/michelle/.rvm/gems/ruby-2.2.0/gems/actionpack-4.2.0/lib/action_dispatch/middleware/templates/rescues/_trace.html.erb (6.0ms)
  Rendered /home/michelle/.rvm/gems/ruby-2.2.0/gems/actionpack-4.2.0/lib/action_dispatch/middleware/templates/rescues/_request_and_response.html.erb (1.9ms)
  Rendered /home/michelle/.rvm/gems/ruby-2.2.0/gems/actionpack-4.2.0/lib/action_dispatch/middleware/templates/rescues/template_error.html.erb within rescues/layout (46.8ms)
  Rendered /home/michelle/.rvm/gems/ruby-2.2.0/gems/web-console-2.1.2/lib/web_console/templates/_markup.html.erb (1.0ms)
  Rendered /home/michelle/.rvm/gems/ruby-2.2.0/gems/web-console-2.1.2/lib/web_console/templates/style.css.erb within layouts/inlined_string (0.6ms)
  Rendered /home/michelle/.rvm/gems/ruby-2.2.0/gems/web-console-2.1.2/lib/web_console/templates/_inner_console_markup.html.erb within layouts/inlined_string (0.5ms)
  Rendered /home/michelle/.rvm/gems/ruby-2.2.0/gems/web-console-2.1.2/lib/web_console/templates/_prompt_box_markup.html.erb within layouts/inlined_string (0.6ms)
  Rendered /home/michelle/.rvm/gems/ruby-2.2.0/gems/web-console-2.1.2/lib/web_console/templates/console.js.erb within layouts/javascript (24.9ms)
  Rendered /home/michelle/.rvm/gems/ruby-2.2.0/gems/web-console-2.1.2/lib/web_console/templates/main.js.erb within layouts/javascript (0.4ms)
  Rendered /home/michelle/.rvm/gems/ruby-2.2.0/gems/web-console-2.1.2/lib/web_console/templates/error_page.js.erb within layouts/javascript (0.6ms)
  Rendered /home/michelle/.rvm/gems/ruby-2.2.0/gems/web-console-2.1.2/lib/web_console/templates/index.html.erb (50.3ms)
  [1m[36mActiveRecord::SchemaMigration Load (0.1ms)[0m  [1mSELECT "schema_migrations".* FROM "schema_migrations"[0m
  [1m[35mActiveRecord::SchemaMigration Load (0.1ms)[0m  SELECT "schema_migrations".* FROM "schema_migrations"
  [1m[36mActiveRecord::SchemaMigration Load (0.1ms)[0m  [1mSELECT "schema_migrations".* FROM "schema_migrations"[0m
Migrating to AddColumnsToCompany (20150318132015)
  [1m[35m (0.1ms)[0m  begin transaction
  [1m[36m (0.5ms)[0m  [1mALTER TABLE "companies" ADD "name" varchar[0m
  [1m[35m (0.2ms)[0m  ALTER TABLE "companies" ADD "company" varchar
  [1m[36m (0.2ms)[0m  [1mALTER TABLE "companies" ADD "email" varchar[0m
  [1m[35m (0.2ms)[0m  ALTER TABLE "companies" ADD "phone" varchar
  [1m[36mSQL (0.2ms)[0m  [1mINSERT INTO "schema_migrations" ("version") VALUES (?)[0m  [["version", "20150318132015"]]
  [1m[35m (181.6ms)[0m  commit transaction
  [1m[36mActiveRecord::SchemaMigration Load (0.1ms)[0m  [1mSELECT "schema_migrations".* FROM "schema_migrations"[0m


Started GET "/" for 127.0.0.1 at 2015-03-18 09:20:53 -0400
  [1m[36mActiveRecord::SchemaMigration Load (0.2ms)[0m  [1mSELECT "schema_migrations".* FROM "schema_migrations"[0m
Processing by CompaniesController#new as HTML
  Rendered companies/_form.html.erb (16.9ms)
  Rendered companies/new.html.erb within layouts/application (21.5ms)
Completed 500 Internal Server Error in 54ms

ActionView::Template::Error (undefined method `address' for #<Company:0xaf93878>):
    12:   <% end %>
    13:   <p>Name: <%= f.text_field :name %>
    14:   <p>Company: <%= f.text_field :company %>
    15:   <p>Email Address: <%= f.text_field :address %>
    16:   <p>Phone: <%= f.text_field :phone %>
    17: 
    18:   <%= f.submit %>
  app/views/companies/_form.html.erb:15:in `block in _app_views_companies__form_html_erb__174967940_91617660'
  app/views/companies/_form.html.erb:1:in `_app_views_companies__form_html_erb__174967940_91617660'
  app/views/companies/new.html.erb:3:in `_app_views_companies_new_html_erb__1039071966_91742280'


  Rendered /home/michelle/.rvm/gems/ruby-2.2.0/gems/actionpack-4.2.0/lib/action_dispatch/middleware/templates/rescues/_source.erb (12.9ms)
  Rendered /home/michelle/.rvm/gems/ruby-2.2.0/gems/actionpack-4.2.0/lib/action_dispatch/middleware/templates/rescues/_trace.html.erb (5.3ms)
  Rendered /home/michelle/.rvm/gems/ruby-2.2.0/gems/actionpack-4.2.0/lib/action_dispatch/middleware/templates/rescues/_request_and_response.html.erb (1.4ms)
  Rendered /home/michelle/.rvm/gems/ruby-2.2.0/gems/actionpack-4.2.0/lib/action_dispatch/middleware/templates/rescues/template_error.html.erb within rescues/layout (43.9ms)
  Rendered /home/michelle/.rvm/gems/ruby-2.2.0/gems/web-console-2.1.2/lib/web_console/templates/_markup.html.erb (0.5ms)
  Rendered /home/michelle/.rvm/gems/ruby-2.2.0/gems/web-console-2.1.2/lib/web_console/templates/style.css.erb within layouts/inlined_string (0.4ms)
  Rendered /home/michelle/.rvm/gems/ruby-2.2.0/gems/web-console-2.1.2/lib/web_console/templates/_inner_console_markup.html.erb within layouts/inlined_string (0.3ms)
  Rendered /home/michelle/.rvm/gems/ruby-2.2.0/gems/web-console-2.1.2/lib/web_console/templates/_prompt_box_markup.html.erb within layouts/inlined_string (0.3ms)
  Rendered /home/michelle/.rvm/gems/ruby-2.2.0/gems/web-console-2.1.2/lib/web_console/templates/console.js.erb within layouts/javascript (22.3ms)
  Rendered /home/michelle/.rvm/gems/ruby-2.2.0/gems/web-console-2.1.2/lib/web_console/templates/main.js.erb within layouts/javascript (0.5ms)
  Rendered /home/michelle/.rvm/gems/ruby-2.2.0/gems/web-console-2.1.2/lib/web_console/templates/error_page.js.erb within layouts/javascript (0.6ms)
  Rendered /home/michelle/.rvm/gems/ruby-2.2.0/gems/web-console-2.1.2/lib/web_console/templates/index.html.erb (46.6ms)


Started GET "/" for 127.0.0.1 at 2015-03-18 09:21:25 -0400
Processing by CompaniesController#new as HTML
  Rendered companies/_form.html.erb (8.0ms)
  Rendered companies/new.html.erb within layouts/application (8.9ms)
Completed 200 OK in 134ms (Views: 124.9ms | ActiveRecord: 0.7ms)


Started GET "/assets/companies-64e62ddc273c2f5847f30d698ca14b67.css?body=1" for 127.0.0.1 at 2015-03-18 09:21:25 -0400


Started GET "/assets/quotes-64e62ddc273c2f5847f30d698ca14b67.css?body=1" for 127.0.0.1 at 2015-03-18 09:21:25 -0400


Started GET "/assets/scaffolds-3add9c3d9b6e308fcd493fb1e557e71b.css?body=1" for 127.0.0.1 at 2015-03-18 09:21:25 -0400


Started GET "/assets/jquery_ujs-e27bd20a10d28155845a22d71ef94f2f.js?body=1" for 127.0.0.1 at 2015-03-18 09:21:25 -0400


Started GET "/assets/jquery-87424c3c19e96d4fb033c10ebe21ec40.js?body=1" for 127.0.0.1 at 2015-03-18 09:21:25 -0400


Started GET "/assets/application-ff7f1f2f26725703a7a3ce0f0a722dd8.css?body=1" for 127.0.0.1 at 2015-03-18 09:21:25 -0400


Started GET "/assets/turbolinks-f87b3583ca50adb0488b031297f5580d.js?body=1" for 127.0.0.1 at 2015-03-18 09:21:25 -0400


Started GET "/assets/companies-fcec5b5a277ac7c20cc9f45a209a3bcd.js?body=1" for 127.0.0.1 at 2015-03-18 09:21:25 -0400


Started GET "/assets/application-d5dd9df895e734baa4e6c45e5b5415a9.js?body=1" for 127.0.0.1 at 2015-03-18 09:21:25 -0400


Started GET "/assets/quotes-fcec5b5a277ac7c20cc9f45a209a3bcd.js?body=1" for 127.0.0.1 at 2015-03-18 09:21:25 -0400
